<?xml version="1.0" encoding="UTF-8"?>
<testng-results skipped="0" failed="0" total="1" passed="1">
  <reporter-output>
  </reporter-output>
  <suite name="Default suite" duration-ms="422" started-at="2018-11-05T13:18:17Z" finished-at="2018-11-05T13:18:18Z">
    <groups>
    </groups>
    <test name="Default test" duration-ms="422" started-at="2018-11-05T13:18:17Z" finished-at="2018-11-05T13:18:18Z">
      <class name="test.DriverClass">
        <test-method status="PASS" signature="driver()[pri:0, instance:test.DriverClass@5afa04c]" name="driver" duration-ms="411" started-at="2018-11-05T18:48:17Z" finished-at="2018-11-05T18:48:18Z">
          <reporter-output>
          </reporter-output>
        </test-method> <!-- driver -->
      </class> <!-- test.DriverClass -->
    </test> <!-- Default test -->
  </suite> <!-- Default suite -->
</testng-results>
